<?xml version="1.0" encoding="UTF-8"?>
<testsuite xmlns:xsi="http://www.w3.org/2001/XMLSchema-instance" xsi:noNamespaceSchemaLocation="https://maven.apache.org/surefire/maven-surefire-plugin/xsd/surefire-test-report.xsd" name="com.miaoshaProject.AppTest" time="0.031" tests="1" errors="0" skipped="0" failures="0">
  <properties>
    <property name="gopherProxySet" value="false"/>
    <property name="awt.toolkit" value="sun.lwawt.macosx.LWCToolkit"/>
    <property name="file.encoding.pkg" value="sun.io"/>
    <property name="java.specification.version" value="1.8"/>
    <property name="sun.cpu.isalist" value=""/>
    <property name="sun.jnu.encoding" value="UTF-8"/>
    <property name="java.class.path" value="/Users/lizzzzz/IdeaProjects/miaosha-master/target/test-classes:/Users/lizzzzz/IdeaProjects/miaosha-master/target/classes:/Applications/IntelliJ IDEA.app/Contents/plugins/maven/lib/maven3/org/springframework/boot/spring-boot-starter-web/2.3.2.RELEASE/spring-boot-starter-web-2.3.2.RELEASE.jar:/Applications/IntelliJ IDEA.app/Contents/plugins/maven/lib/maven3/org/springframework/boot/spring-boot-starter/2.3.2.RELEASE/spring-boot-starter-2.3.2.RELEASE.jar:/Applications/IntelliJ IDEA.app/Contents/plugins/maven/lib/maven3/org/springframework/boot/spring-boot/2.3.2.RELEASE/spring-boot-2.3.2.RELEASE.jar:/Applications/IntelliJ IDEA.app/Contents/plugins/maven/lib/maven3/org/springframework/boot/spring-boot-autoconfigure/2.3.2.RELEASE/spring-boot-autoconfigure-2.3.2.RELEASE.jar:/Applications/IntelliJ IDEA.app/Contents/plugins/maven/lib/maven3/org/springframework/boot/spring-boot-starter-logging/2.3.2.RELEASE/spring-boot-starter-logging-2.3.2.RELEASE.jar:/Applications/IntelliJ IDEA.app/Contents/plugins/maven/lib/maven3/ch/qos/logback/logback-classic/1.2.3/logback-classic-1.2.3.jar:/Applications/IntelliJ IDEA.app/Contents/plugins/maven/lib/maven3/ch/qos/logback/logback-core/1.2.3/logback-core-1.2.3.jar:/Applications/IntelliJ IDEA.app/Contents/plugins/maven/lib/maven3/org/apache/logging/log4j/log4j-to-slf4j/2.13.3/log4j-to-slf4j-2.13.3.jar:/Applications/IntelliJ IDEA.app/Contents/plugins/maven/lib/maven3/org/apache/logging/log4j/log4j-api/2.13.3/log4j-api-2.13.3.jar:/Applications/IntelliJ IDEA.app/Contents/plugins/maven/lib/maven3/org/slf4j/jul-to-slf4j/1.7.30/jul-to-slf4j-1.7.30.jar:/Applications/IntelliJ IDEA.app/Contents/plugins/maven/lib/maven3/jakarta/annotation/jakarta.annotation-api/1.3.5/jakarta.annotation-api-1.3.5.jar:/Applications/IntelliJ IDEA.app/Contents/plugins/maven/lib/maven3/org/springframework/spring-core/5.2.8.RELEASE/spring-core-5.2.8.RELEASE.jar:/Applications/IntelliJ IDEA.app/Contents/plugins/maven/lib/maven3/org/springframework/spring-jcl/5.2.8.RELEASE/spring-jcl-5.2.8.RELEASE.jar:/Applications/IntelliJ IDEA.app/Contents/plugins/maven/lib/maven3/org/yaml/snakeyaml/1.26/snakeyaml-1.26.jar:/Applications/IntelliJ IDEA.app/Contents/plugins/maven/lib/maven3/org/springframework/boot/spring-boot-starter-json/2.3.2.RELEASE/spring-boot-starter-json-2.3.2.RELEASE.jar:/Applications/IntelliJ IDEA.app/Contents/plugins/maven/lib/maven3/com/fasterxml/jackson/core/jackson-databind/2.11.1/jackson-databind-2.11.1.jar:/Applications/IntelliJ IDEA.app/Contents/plugins/maven/lib/maven3/com/fasterxml/jackson/core/jackson-annotations/2.11.1/jackson-annotations-2.11.1.jar:/Applications/IntelliJ IDEA.app/Contents/plugins/maven/lib/maven3/com/fasterxml/jackson/core/jackson-core/2.11.1/jackson-core-2.11.1.jar:/Applications/IntelliJ IDEA.app/Contents/plugins/maven/lib/maven3/com/fasterxml/jackson/datatype/jackson-datatype-jdk8/2.11.1/jackson-datatype-jdk8-2.11.1.jar:/Applications/IntelliJ IDEA.app/Contents/plugins/maven/lib/maven3/com/fasterxml/jackson/datatype/jackson-datatype-jsr310/2.11.1/jackson-datatype-jsr310-2.11.1.jar:/Applications/IntelliJ IDEA.app/Contents/plugins/maven/lib/maven3/com/fasterxml/jackson/module/jackson-module-parameter-names/2.11.1/jackson-module-parameter-names-2.11.1.jar:/Applications/IntelliJ IDEA.app/Contents/plugins/maven/lib/maven3/org/springframework/boot/spring-boot-starter-tomcat/2.3.2.RELEASE/spring-boot-starter-tomcat-2.3.2.RELEASE.jar:/Applications/IntelliJ IDEA.app/Contents/plugins/maven/lib/maven3/org/apache/tomcat/embed/tomcat-embed-core/9.0.37/tomcat-embed-core-9.0.37.jar:/Applications/IntelliJ IDEA.app/Contents/plugins/maven/lib/maven3/org/glassfish/jakarta.el/3.0.3/jakarta.el-3.0.3.jar:/Applications/IntelliJ IDEA.app/Contents/plugins/maven/lib/maven3/org/apache/tomcat/embed/tomcat-embed-websocket/9.0.37/tomcat-embed-websocket-9.0.37.jar:/Applications/IntelliJ IDEA.app/Contents/plugins/maven/lib/maven3/org/springframework/spring-web/5.2.8.RELEASE/spring-web-5.2.8.RELEASE.jar:/Applications/IntelliJ IDEA.app/Contents/plugins/maven/lib/maven3/org/springframework/spring-beans/5.2.8.RELEASE/spring-beans-5.2.8.RELEASE.jar:/Applications/IntelliJ IDEA.app/Contents/plugins/maven/lib/maven3/org/springframework/spring-webmvc/5.2.8.RELEASE/spring-webmvc-5.2.8.RELEASE.jar:/Applications/IntelliJ IDEA.app/Contents/plugins/maven/lib/maven3/org/springframework/spring-aop/5.2.8.RELEASE/spring-aop-5.2.8.RELEASE.jar:/Applications/IntelliJ IDEA.app/Contents/plugins/maven/lib/maven3/org/springframework/spring-context/5.2.8.RELEASE/spring-context-5.2.8.RELEASE.jar:/Applications/IntelliJ IDEA.app/Contents/plugins/maven/lib/maven3/org/springframework/spring-expression/5.2.8.RELEASE/spring-expression-5.2.8.RELEASE.jar:/Applications/IntelliJ IDEA.app/Contents/plugins/maven/lib/maven3/mysql/mysql-connector-java/8.0.17/mysql-connector-java-8.0.17.jar:/Applications/IntelliJ IDEA.app/Contents/plugins/maven/lib/maven3/com/alibaba/druid/1.1.3/druid-1.1.3.jar:/Library/Java/JavaVirtualMachines/jdk1.8.0_211.jdk/Contents/Home/jre/../lib/jconsole.jar:/Library/Java/JavaVirtualMachines/jdk1.8.0_211.jdk/Contents/Home/jre/../lib/tools.jar:/Applications/IntelliJ IDEA.app/Contents/plugins/maven/lib/maven3/org/mybatis/spring/boot/mybatis-spring-boot-starter/1.3.1/mybatis-spring-boot-starter-1.3.1.jar:/Applications/IntelliJ IDEA.app/Contents/plugins/maven/lib/maven3/org/springframework/boot/spring-boot-starter-jdbc/2.3.2.RELEASE/spring-boot-starter-jdbc-2.3.2.RELEASE.jar:/Applications/IntelliJ IDEA.app/Contents/plugins/maven/lib/maven3/com/zaxxer/HikariCP/3.4.5/HikariCP-3.4.5.jar:/Applications/IntelliJ IDEA.app/Contents/plugins/maven/lib/maven3/org/slf4j/slf4j-api/1.7.30/slf4j-api-1.7.30.jar:/Applications/IntelliJ IDEA.app/Contents/plugins/maven/lib/maven3/org/springframework/spring-jdbc/5.2.8.RELEASE/spring-jdbc-5.2.8.RELEASE.jar:/Applications/IntelliJ IDEA.app/Contents/plugins/maven/lib/maven3/org/springframework/spring-tx/5.2.8.RELEASE/spring-tx-5.2.8.RELEASE.jar:/Applications/IntelliJ IDEA.app/Contents/plugins/maven/lib/maven3/org/mybatis/spring/boot/mybatis-spring-boot-autoconfigure/1.3.1/mybatis-spring-boot-autoconfigure-1.3.1.jar:/Applications/IntelliJ IDEA.app/Contents/plugins/maven/lib/maven3/org/mybatis/mybatis/3.4.5/mybatis-3.4.5.jar:/Applications/IntelliJ IDEA.app/Contents/plugins/maven/lib/maven3/org/mybatis/mybatis-spring/1.3.1/mybatis-spring-1.3.1.jar:/Applications/IntelliJ IDEA.app/Contents/plugins/maven/lib/maven3/org/apache/commons/commons-lang3/3.7/commons-lang3-3.7.jar:/Applications/IntelliJ IDEA.app/Contents/plugins/maven/lib/maven3/org/hibernate/validator/hibernate-validator/6.0.13.Final/hibernate-validator-6.0.13.Final.jar:/Applications/IntelliJ IDEA.app/Contents/plugins/maven/lib/maven3/javax/validation/validation-api/2.0.1.Final/validation-api-2.0.1.Final.jar:/Applications/IntelliJ IDEA.app/Contents/plugins/maven/lib/maven3/org/jboss/logging/jboss-logging/3.4.1.Final/jboss-logging-3.4.1.Final.jar:/Applications/IntelliJ IDEA.app/Contents/plugins/maven/lib/maven3/com/fasterxml/classmate/1.5.1/classmate-1.5.1.jar:/Applications/IntelliJ IDEA.app/Contents/plugins/maven/lib/maven3/joda-time/joda-time/2.9.1/joda-time-2.9.1.jar:/Applications/IntelliJ IDEA.app/Contents/plugins/maven/lib/maven3/junit/junit/4.11/junit-4.11.jar:/Applications/IntelliJ IDEA.app/Contents/plugins/maven/lib/maven3/org/hamcrest/hamcrest-core/2.2/hamcrest-core-2.2.jar:/Applications/IntelliJ IDEA.app/Contents/plugins/maven/lib/maven3/org/hamcrest/hamcrest/2.2/hamcrest-2.2.jar:"/>
    <property name="java.vm.vendor" value="Oracle Corporation"/>
    <property name="sun.arch.data.model" value="64"/>
    <property name="java.vendor.url" value="http://java.oracle.com/"/>
    <property name="user.timezone" value=""/>
    <property name="java.vm.specification.version" value="1.8"/>
    <property name="os.name" value="Mac OS X"/>
    <property name="user.country" value="CN"/>
    <property name="sun.java.launcher" value="SUN_STANDARD"/>
    <property name="sun.boot.library.path" value="/Library/Java/JavaVirtualMachines/jdk1.8.0_211.jdk/Contents/Home/jre/lib"/>
    <property name="sun.java.command" value="/Users/lizzzzz/IdeaProjects/miaosha-master/target/surefire/surefirebooter2858123190126473567.jar /Users/lizzzzz/IdeaProjects/miaosha-master/target/surefire 2021-01-24T19-26-33_230-jvmRun1 surefire7824196468128992480tmp surefire_08650160602221133989tmp"/>
    <property name="surefire.test.class.path" value="/Users/lizzzzz/IdeaProjects/miaosha-master/target/test-classes:/Users/lizzzzz/IdeaProjects/miaosha-master/target/classes:/Applications/IntelliJ IDEA.app/Contents/plugins/maven/lib/maven3/org/springframework/boot/spring-boot-starter-web/2.3.2.RELEASE/spring-boot-starter-web-2.3.2.RELEASE.jar:/Applications/IntelliJ IDEA.app/Contents/plugins/maven/lib/maven3/org/springframework/boot/spring-boot-starter/2.3.2.RELEASE/spring-boot-starter-2.3.2.RELEASE.jar:/Applications/IntelliJ IDEA.app/Contents/plugins/maven/lib/maven3/org/springframework/boot/spring-boot/2.3.2.RELEASE/spring-boot-2.3.2.RELEASE.jar:/Applications/IntelliJ IDEA.app/Contents/plugins/maven/lib/maven3/org/springframework/boot/spring-boot-autoconfigure/2.3.2.RELEASE/spring-boot-autoconfigure-2.3.2.RELEASE.jar:/Applications/IntelliJ IDEA.app/Contents/plugins/maven/lib/maven3/org/springframework/boot/spring-boot-starter-logging/2.3.2.RELEASE/spring-boot-starter-logging-2.3.2.RELEASE.jar:/Applications/IntelliJ IDEA.app/Contents/plugins/maven/lib/maven3/ch/qos/logback/logback-classic/1.2.3/logback-classic-1.2.3.jar:/Applications/IntelliJ IDEA.app/Contents/plugins/maven/lib/maven3/ch/qos/logback/logback-core/1.2.3/logback-core-1.2.3.jar:/Applications/IntelliJ IDEA.app/Contents/plugins/maven/lib/maven3/org/apache/logging/log4j/log4j-to-slf4j/2.13.3/log4j-to-slf4j-2.13.3.jar:/Applications/IntelliJ IDEA.app/Contents/plugins/maven/lib/maven3/org/apache/logging/log4j/log4j-api/2.13.3/log4j-api-2.13.3.jar:/Applications/IntelliJ IDEA.app/Contents/plugins/maven/lib/maven3/org/slf4j/jul-to-slf4j/1.7.30/jul-to-slf4j-1.7.30.jar:/Applications/IntelliJ IDEA.app/Contents/plugins/maven/lib/maven3/jakarta/annotation/jakarta.annotation-api/1.3.5/jakarta.annotation-api-1.3.5.jar:/Applications/IntelliJ IDEA.app/Contents/plugins/maven/lib/maven3/org/springframework/spring-core/5.2.8.RELEASE/spring-core-5.2.8.RELEASE.jar:/Applications/IntelliJ IDEA.app/Contents/plugins/maven/lib/maven3/org/springframework/spring-jcl/5.2.8.RELEASE/spring-jcl-5.2.8.RELEASE.jar:/Applications/IntelliJ IDEA.app/Contents/plugins/maven/lib/maven3/org/yaml/snakeyaml/1.26/snakeyaml-1.26.jar:/Applications/IntelliJ IDEA.app/Contents/plugins/maven/lib/maven3/org/springframework/boot/spring-boot-starter-json/2.3.2.RELEASE/spring-boot-starter-json-2.3.2.RELEASE.jar:/Applications/IntelliJ IDEA.app/Contents/plugins/maven/lib/maven3/com/fasterxml/jackson/core/jackson-databind/2.11.1/jackson-databind-2.11.1.jar:/Applications/IntelliJ IDEA.app/Contents/plugins/maven/lib/maven3/com/fasterxml/jackson/core/jackson-annotations/2.11.1/jackson-annotations-2.11.1.jar:/Applications/IntelliJ IDEA.app/Contents/plugins/maven/lib/maven3/com/fasterxml/jackson/core/jackson-core/2.11.1/jackson-core-2.11.1.jar:/Applications/IntelliJ IDEA.app/Contents/plugins/maven/lib/maven3/com/fasterxml/jackson/datatype/jackson-datatype-jdk8/2.11.1/jackson-datatype-jdk8-2.11.1.jar:/Applications/IntelliJ IDEA.app/Contents/plugins/maven/lib/maven3/com/fasterxml/jackson/datatype/jackson-datatype-jsr310/2.11.1/jackson-datatype-jsr310-2.11.1.jar:/Applications/IntelliJ IDEA.app/Contents/plugins/maven/lib/maven3/com/fasterxml/jackson/module/jackson-module-parameter-names/2.11.1/jackson-module-parameter-names-2.11.1.jar:/Applications/IntelliJ IDEA.app/Contents/plugins/maven/lib/maven3/org/springframework/boot/spring-boot-starter-tomcat/2.3.2.RELEASE/spring-boot-starter-tomcat-2.3.2.RELEASE.jar:/Applications/IntelliJ IDEA.app/Contents/plugins/maven/lib/maven3/org/apache/tomcat/embed/tomcat-embed-core/9.0.37/tomcat-embed-core-9.0.37.jar:/Applications/IntelliJ IDEA.app/Contents/plugins/maven/lib/maven3/org/glassfish/jakarta.el/3.0.3/jakarta.el-3.0.3.jar:/Applications/IntelliJ IDEA.app/Contents/plugins/maven/lib/maven3/org/apache/tomcat/embed/tomcat-embed-websocket/9.0.37/tomcat-embed-websocket-9.0.37.jar:/Applications/IntelliJ IDEA.app/Contents/plugins/maven/lib/maven3/org/springframework/spring-web/5.2.8.RELEASE/spring-web-5.2.8.RELEASE.jar:/Applications/IntelliJ IDEA.app/Contents/plugins/maven/lib/maven3/org/springframework/spring-beans/5.2.8.RELEASE/spring-beans-5.2.8.RELEASE.jar:/Applications/IntelliJ IDEA.app/Contents/plugins/maven/lib/maven3/org/springframework/spring-webmvc/5.2.8.RELEASE/spring-webmvc-5.2.8.RELEASE.jar:/Applications/IntelliJ IDEA.app/Contents/plugins/maven/lib/maven3/org/springframework/spring-aop/5.2.8.RELEASE/spring-aop-5.2.8.RELEASE.jar:/Applications/IntelliJ IDEA.app/Contents/plugins/maven/lib/maven3/org/springframework/spring-context/5.2.8.RELEASE/spring-context-5.2.8.RELEASE.jar:/Applications/IntelliJ IDEA.app/Contents/plugins/maven/lib/maven3/org/springframework/spring-expression/5.2.8.RELEASE/spring-expression-5.2.8.RELEASE.jar:/Applications/IntelliJ IDEA.app/Contents/plugins/maven/lib/maven3/mysql/mysql-connector-java/8.0.17/mysql-connector-java-8.0.17.jar:/Applications/IntelliJ IDEA.app/Contents/plugins/maven/lib/maven3/com/alibaba/druid/1.1.3/druid-1.1.3.jar:/Library/Java/JavaVirtualMachines/jdk1.8.0_211.jdk/Contents/Home/jre/../lib/jconsole.jar:/Library/Java/JavaVirtualMachines/jdk1.8.0_211.jdk/Contents/Home/jre/../lib/tools.jar:/Applications/IntelliJ IDEA.app/Contents/plugins/maven/lib/maven3/org/mybatis/spring/boot/mybatis-spring-boot-starter/1.3.1/mybatis-spring-boot-starter-1.3.1.jar:/Applications/IntelliJ IDEA.app/Contents/plugins/maven/lib/maven3/org/springframework/boot/spring-boot-starter-jdbc/2.3.2.RELEASE/spring-boot-starter-jdbc-2.3.2.RELEASE.jar:/Applications/IntelliJ IDEA.app/Contents/plugins/maven/lib/maven3/com/zaxxer/HikariCP/3.4.5/HikariCP-3.4.5.jar:/Applications/IntelliJ IDEA.app/Contents/plugins/maven/lib/maven3/org/slf4j/slf4j-api/1.7.30/slf4j-api-1.7.30.jar:/Applications/IntelliJ IDEA.app/Contents/plugins/maven/lib/maven3/org/springframework/spring-jdbc/5.2.8.RELEASE/spring-jdbc-5.2.8.RELEASE.jar:/Applications/IntelliJ IDEA.app/Contents/plugins/maven/lib/maven3/org/springframework/spring-tx/5.2.8.RELEASE/spring-tx-5.2.8.RELEASE.jar:/Applications/IntelliJ IDEA.app/Contents/plugins/maven/lib/maven3/org/mybatis/spring/boot/mybatis-spring-boot-autoconfigure/1.3.1/mybatis-spring-boot-autoconfigure-1.3.1.jar:/Applications/IntelliJ IDEA.app/Contents/plugins/maven/lib/maven3/org/mybatis/mybatis/3.4.5/mybatis-3.4.5.jar:/Applications/IntelliJ IDEA.app/Contents/plugins/maven/lib/maven3/org/mybatis/mybatis-spring/1.3.1/mybatis-spring-1.3.1.jar:/Applications/IntelliJ IDEA.app/Contents/plugins/maven/lib/maven3/org/apache/commons/commons-lang3/3.7/commons-lang3-3.7.jar:/Applications/IntelliJ IDEA.app/Contents/plugins/maven/lib/maven3/org/hibernate/validator/hibernate-validator/6.0.13.Final/hibernate-validator-6.0.13.Final.jar:/Applications/IntelliJ IDEA.app/Contents/plugins/maven/lib/maven3/javax/validation/validation-api/2.0.1.Final/validation-api-2.0.1.Final.jar:/Applications/IntelliJ IDEA.app/Contents/plugins/maven/lib/maven3/org/jboss/logging/jboss-logging/3.4.1.Final/jboss-logging-3.4.1.Final.jar:/Applications/IntelliJ IDEA.app/Contents/plugins/maven/lib/maven3/com/fasterxml/classmate/1.5.1/classmate-1.5.1.jar:/Applications/IntelliJ IDEA.app/Contents/plugins/maven/lib/maven3/joda-time/joda-time/2.9.1/joda-time-2.9.1.jar:/Applications/IntelliJ IDEA.app/Contents/plugins/maven/lib/maven3/junit/junit/4.11/junit-4.11.jar:/Applications/IntelliJ IDEA.app/Contents/plugins/maven/lib/maven3/org/hamcrest/hamcrest-core/2.2/hamcrest-core-2.2.jar:/Applications/IntelliJ IDEA.app/Contents/plugins/maven/lib/maven3/org/hamcrest/hamcrest/2.2/hamcrest-2.2.jar:"/>
    <property name="sun.cpu.endian" value="little"/>
    <property name="user.home" value="/Users/lizzzzz"/>
    <property name="user.language" value="zh"/>
    <property name="java.specification.vendor" value="Oracle Corporation"/>
    <property name="java.home" value="/Library/Java/JavaVirtualMachines/jdk1.8.0_211.jdk/Contents/Home/jre"/>
    <property name="basedir" value="/Users/lizzzzz/IdeaProjects/miaosha-master"/>
    <property name="file.separator" value="/"/>
    <property name="line.separator" value="&#10;"/>
    <property name="java.vm.specification.vendor" value="Oracle Corporation"/>
    <property name="java.specification.name" value="Java Platform API Specification"/>
    <property name="java.awt.graphicsenv" value="sun.awt.CGraphicsEnvironment"/>
    <property name="surefire.real.class.path" value="/Users/lizzzzz/IdeaProjects/miaosha-master/target/surefire/surefirebooter2858123190126473567.jar"/>
    <property name="sun.boot.class.path" value="/Library/Java/JavaVirtualMachines/jdk1.8.0_211.jdk/Contents/Home/jre/lib/resources.jar:/Library/Java/JavaVirtualMachines/jdk1.8.0_211.jdk/Contents/Home/jre/lib/rt.jar:/Library/Java/JavaVirtualMachines/jdk1.8.0_211.jdk/Contents/Home/jre/lib/sunrsasign.jar:/Library/Java/JavaVirtualMachines/jdk1.8.0_211.jdk/Contents/Home/jre/lib/jsse.jar:/Library/Java/JavaVirtualMachines/jdk1.8.0_211.jdk/Contents/Home/jre/lib/jce.jar:/Library/Java/JavaVirtualMachines/jdk1.8.0_211.jdk/Contents/Home/jre/lib/charsets.jar:/Library/Java/JavaVirtualMachines/jdk1.8.0_211.jdk/Contents/Home/jre/lib/jfr.jar:/Library/Java/JavaVirtualMachines/jdk1.8.0_211.jdk/Contents/Home/jre/classes"/>
    <property name="sun.management.compiler" value="HotSpot 64-Bit Tiered Compilers"/>
    <property name="java.runtime.version" value="1.8.0_211-b12"/>
    <property name="user.name" value="lizzzzz"/>
    <property name="path.separator" value=":"/>
    <property name="os.version" value="10.16"/>
    <property name="java.endorsed.dirs" value="/Library/Java/JavaVirtualMachines/jdk1.8.0_211.jdk/Contents/Home/jre/lib/endorsed"/>
    <property name="java.runtime.name" value="Java(TM) SE Runtime Environment"/>
    <property name="file.encoding" value="UTF-8"/>
    <property name="java.vm.name" value="Java HotSpot(TM) 64-Bit Server VM"/>
    <property name="localRepository" value="/Applications/IntelliJ IDEA.app/Contents/plugins/maven/lib/maven3"/>
    <property name="java.vendor.url.bug" value="http://bugreport.sun.com/bugreport/"/>
    <property name="java.io.tmpdir" value="/var/folders/zt/ngwrgt290h950slrs_kpl14w0000gn/T/"/>
    <property name="java.version" value="1.8.0_211"/>
    <property name="user.dir" value="/Users/lizzzzz/IdeaProjects/miaosha-master"/>
    <property name="os.arch" value="x86_64"/>
    <property name="java.vm.specification.name" value="Java Virtual Machine Specification"/>
    <property name="java.awt.printerjob" value="sun.lwawt.macosx.CPrinterJob"/>
    <property name="sun.os.patch.level" value="unknown"/>
    <property name="java.library.path" value="/Users/lizzzzz/Library/Java/Extensions:/Library/Java/Extensions:/Network/Library/Java/Extensions:/System/Library/Java/Extensions:/usr/lib/java:."/>
    <property name="java.vm.info" value="mixed mode"/>
    <property name="java.vendor" value="Oracle Corporation"/>
    <property name="java.vm.version" value="25.211-b12"/>
    <property name="java.ext.dirs" value="/Users/lizzzzz/Library/Java/Extensions:/Library/Java/JavaVirtualMachines/jdk1.8.0_211.jdk/Contents/Home/jre/lib/ext:/Library/Java/Extensions:/Network/Library/Java/Extensions:/System/Library/Java/Extensions:/usr/lib/java"/>
    <property name="sun.io.unicode.encoding" value="UnicodeBig"/>
    <property name="java.class.version" value="52.0"/>
  </properties>
  <testcase name="shouldAnswerWithTrue" classname="com.miaoshaProject.AppTest" time="0.002"/>
</testsuite>